0 info it worked if it ends with ok
1 verbose cli [ '/home/luthfi/.gradle/nodejs/node-v0.12.6-linux-x64/bin/node',
1 verbose cli   '/home/luthfi/.gradle/nodejs/node-v0.12.6-linux-x64/lib/node_modules/npm/bin/npm-cli.js',
1 verbose cli   'install' ]
2 info using npm@2.11.2
3 info using node@v0.12.6
4 verbose readDependencies loading dependencies from /home/luthfi/Dropbox/Kuliah/Semester 7/IF4031 Pengembangan Aplikasi Terdistribusi/Tugas/Tugas 3/node-grpc-chat/package.json
5 warn package.json node-grpc-chat@0.0.0 No repository field.
6 warn package.json node-grpc-chat@0.0.0 No README data
7 verbose install where, deps [ '/home/luthfi/Dropbox/Kuliah/Semester 7/IF4031 Pengembangan Aplikasi Terdistribusi/Tugas/Tugas 3/node-grpc-chat',
7 verbose install   [ 'grpc' ] ]
8 verbose install where, peers [ '/home/luthfi/Dropbox/Kuliah/Semester 7/IF4031 Pengembangan Aplikasi Terdistribusi/Tugas/Tugas 3/node-grpc-chat',
8 verbose install   [] ]
9 verbose installManyTop reading for lifecycle /home/luthfi/Dropbox/Kuliah/Semester 7/IF4031 Pengembangan Aplikasi Terdistribusi/Tugas/Tugas 3/node-grpc-chat/package.json
10 info preinstall node-grpc-chat@0.0.0
11 verbose readDependencies loading dependencies from /home/luthfi/Dropbox/Kuliah/Semester 7/IF4031 Pengembangan Aplikasi Terdistribusi/Tugas/Tugas 3/node-grpc-chat/package.json
12 silly cache add args [ 'grpc@~0.11.0', null ]
13 verbose cache add spec grpc@~0.11.0
14 silly cache add parsed spec { raw: 'grpc@~0.11.0',
14 silly cache add   scope: null,
14 silly cache add   name: 'grpc',
14 silly cache add   rawSpec: '~0.11.0',
14 silly cache add   spec: '>=0.11.0 <0.12.0',
14 silly cache add   type: 'range' }
15 silly addNamed grpc@>=0.11.0 <0.12.0
16 verbose addNamed ">=0.11.0 <0.12.0" is a valid semver range for grpc
17 silly addNameRange { name: 'grpc', range: '>=0.11.0 <0.12.0', hasData: false }
18 silly mapToRegistry name grpc
19 silly mapToRegistry using default registry
20 silly mapToRegistry registry https://registry.npmjs.org/
21 silly mapToRegistry uri https://registry.npmjs.org/grpc
22 verbose addNameRange registry:https://registry.npmjs.org/grpc not in flight; fetching
23 verbose request uri https://registry.npmjs.org/grpc
24 verbose request no auth needed
25 info attempt registry request try #1 at 8:50:11 AM
26 verbose request id 1bddac7c04cedf24
27 http request GET https://registry.npmjs.org/grpc
28 info retry will retry, error on last attempt: Error: tunneling socket could not be established, cause=getaddrinfo ENOTFOUND cache.itb.ac.id
29 info attempt registry request try #2 at 8:50:41 AM
30 http request GET https://registry.npmjs.org/grpc
31 info retry will retry, error on last attempt: Error: tunneling socket could not be established, cause=getaddrinfo ENOTFOUND cache.itb.ac.id
32 info attempt registry request try #3 at 8:52:01 AM
33 http request GET https://registry.npmjs.org/grpc
34 verbose stack Error: tunneling socket could not be established, cause=write EPROTO 140610463516544:error:140770FC:SSL routines:SSL23_GET_SERVER_HELLO:unknown protocol:../deps/openssl/openssl/ssl/s23_clnt.c:782:
34 verbose stack
34 verbose stack     at ClientRequest.onError (/home/luthfi/.gradle/nodejs/node-v0.12.6-linux-x64/lib/node_modules/npm/node_modules/request/node_modules/tunnel-agent/index.js:168:17)
34 verbose stack     at ClientRequest.g (events.js:199:16)
34 verbose stack     at ClientRequest.emit (events.js:107:17)
34 verbose stack     at TLSSocket.socketErrorListener (_http_client.js:271:9)
34 verbose stack     at TLSSocket.emit (events.js:129:20)
34 verbose stack     at onwriteError (_stream_writable.js:317:10)
34 verbose stack     at onwrite (_stream_writable.js:335:5)
34 verbose stack     at WritableState.onwrite (_stream_writable.js:105:5)
34 verbose stack     at fireErrorCallbacks (net.js:456:13)
34 verbose stack     at TLSSocket.Socket._destroy (net.js:495:3)
35 verbose cwd /home/luthfi/Dropbox/Kuliah/Semester 7/IF4031 Pengembangan Aplikasi Terdistribusi/Tugas/Tugas 3/node-grpc-chat
36 error Linux 3.16.0-49-generic
37 error argv "/home/luthfi/.gradle/nodejs/node-v0.12.6-linux-x64/bin/node" "/home/luthfi/.gradle/nodejs/node-v0.12.6-linux-x64/lib/node_modules/npm/bin/npm-cli.js" "install"
38 error node v0.12.6
39 error npm  v2.11.2
40 error code ECONNRESET
41 error network tunneling socket could not be established, cause=write EPROTO 140610463516544:error:140770FC:SSL routines:SSL23_GET_SERVER_HELLO:unknown protocol:../deps/openssl/openssl/ssl/s23_clnt.c:782:
41 error network
41 error network This is most likely not a problem with npm itself
41 error network and is related to network connectivity.
41 error network In most cases you are behind a proxy or have bad network settings.
41 error network
41 error network If you are behind a proxy, please make sure that the
41 error network 'proxy' config is set properly.  See: 'npm help config'
42 verbose exit [ 1, true ]
